  Airplane.cpp
C:\BitBucket\Flight-Simulator\Flight Simulator\Flight Simulator\Mesh.h(3,10): warning C4067: unexpected tokens following preprocessor directive - expected a newline
C:\BitBucket\Flight-Simulator\Flight Simulator\Flight Simulator\Airplane.cpp(133,19): warning C4305: '=': truncation from 'double' to 'T'
          with
          [
              T=float
          ]
C:\BitBucket\Flight-Simulator\Flight Simulator\Flight Simulator\Airplane.cpp(166,18): warning C4305: 'initializing': truncation from 'double' to 'float'
  Flight Simulator.cpp
C:\BitBucket\Flight-Simulator\Flight Simulator\Flight Simulator\Mesh.h(3,10): warning C4067: unexpected tokens following preprocessor directive - expected a newline
C:\BitBucket\Flight-Simulator\Flight Simulator\Flight Simulator\Flight Simulator.cpp(105,28): warning C4244: 'argument': conversion from 'double' to 'const float', possible loss of data
C:\BitBucket\Flight-Simulator\Flight Simulator\Flight Simulator\Flight Simulator.cpp(115,63): warning C4244: 'argument': conversion from 'double' to 'float', possible loss of data
C:\BitBucket\Flight-Simulator\Flight Simulator\Flight Simulator\Flight Simulator.cpp(117,60): warning C4244: 'argument': conversion from 'double' to 'float', possible loss of data
C:\BitBucket\Flight-Simulator\Flight Simulator\Flight Simulator\Flight Simulator.cpp(119,64): warning C4244: 'argument': conversion from 'double' to 'float', possible loss of data
C:\BitBucket\Flight-Simulator\Flight Simulator\Flight Simulator\Flight Simulator.cpp(121,61): warning C4244: 'argument': conversion from 'double' to 'float', possible loss of data
C:\BitBucket\Flight-Simulator\Flight Simulator\Flight Simulator\Flight Simulator.cpp(124,34): warning C4244: 'argument': conversion from 'double' to 'const float', possible loss of data
C:\BitBucket\Flight-Simulator\Flight Simulator\Flight Simulator\Flight Simulator.cpp(126,34): warning C4244: 'argument': conversion from 'double' to 'const float', possible loss of data
C:\BitBucket\Flight-Simulator\Flight Simulator\Flight Simulator\Flight Simulator.cpp(131,34): warning C4244: 'argument': conversion from 'double' to 'const float', possible loss of data
C:\BitBucket\Flight-Simulator\Flight Simulator\Flight Simulator\Flight Simulator.cpp(134,29): warning C4244: 'argument': conversion from 'double' to 'const float', possible loss of data
C:\BitBucket\Flight-Simulator\Flight Simulator\Flight Simulator\Flight Simulator.cpp(140,34): warning C4244: 'argument': conversion from 'double' to 'const float', possible loss of data
C:\BitBucket\Flight-Simulator\Flight Simulator\Flight Simulator\Flight Simulator.cpp(143,29): warning C4244: 'argument': conversion from 'double' to 'const float', possible loss of data
C:\BitBucket\Flight-Simulator\Flight Simulator\Flight Simulator\Flight Simulator.cpp(147,31): warning C4244: 'argument': conversion from 'double' to 'const float', possible loss of data
C:\BitBucket\Flight-Simulator\Flight Simulator\Flight Simulator\Flight Simulator.cpp(150,31): warning C4244: 'argument': conversion from 'double' to 'const float', possible loss of data
C:\BitBucket\Flight-Simulator\Flight Simulator\Flight Simulator\Flight Simulator.cpp(153,25): warning C4244: 'argument': conversion from 'double' to 'const float', possible loss of data
C:\BitBucket\Flight-Simulator\Flight Simulator\Flight Simulator\Flight Simulator.cpp(349,26): warning C4244: 'argument': conversion from 'double' to 'const float', possible loss of data
  Mesh.cpp
C:\BitBucket\Flight-Simulator\Flight Simulator\Flight Simulator\Mesh.h(3,10): warning C4067: unexpected tokens following preprocessor directive - expected a newline
  Model.cpp
C:\BitBucket\Flight-Simulator\Flight Simulator\Flight Simulator\Mesh.h(3,10): warning C4067: unexpected tokens following preprocessor directive - expected a newline
  PointLight.cpp
  Skybox.cpp
C:\BitBucket\Flight-Simulator\Flight Simulator\Flight Simulator\Mesh.h(3,10): warning C4067: unexpected tokens following preprocessor directive - expected a newline
C:\BitBucket\Flight-Simulator\Flight Simulator\Flight Simulator\Skybox.cpp(106,104): warning C4244: 'argument': conversion from 'double' to 'const float', possible loss of data
  Terrain.cpp
C:\BitBucket\Flight-Simulator\Flight Simulator\Flight Simulator\Mesh.h(3,10): warning C4067: unexpected tokens following preprocessor directive - expected a newline
  Texture.cpp
  Generating Code...
  LINK : C:\BitBucket\Flight-Simulator\Flight Simulator\Debug\Flight Simulator.exe not found or not built by the last incremental link; performing full link
  Flight Simulator.vcxproj -> C:\BitBucket\Flight-Simulator\Flight Simulator\Debug\Flight Simulator.exe
